[13:03:45] [Datafixer Bootstrap/INFO]: 198 Datafixer optimizations took 125 milliseconds
[13:03:46] [Render thread/INFO]: Environment: Environment[sessionHost=https://sessionserver.mojang.com, servicesHost=https://api.minecraftservices.com, name=PROD]
[13:03:46] [Render thread/INFO]: Setting user: Agustin
[13:03:46] [Render thread/INFO]: Backend library: LWJGL version 3.3.2+13
[13:03:46] [Render thread/INFO]: [STDERR]: [LWJGL] [ThreadLocalUtil] Unsupported JNI version detected, this may result in a crash. Please inform LWJGL developers.
[13:03:47] [Download-2/ERROR]: Failed to fetch user properties
com.mojang.authlib.exceptions.InvalidCredentialsException: Status: 401
	at com.mojang.authlib.exceptions.MinecraftClientHttpException.toAuthenticationException(MinecraftClientHttpException.java:59) ~[authlib-6.0.52.jar:?]
	at com.mojang.authlib.yggdrasil.YggdrasilUserApiService.fetchProperties(YggdrasilUserApiService.java:150) ~[authlib-6.0.52.jar:?]
	at evi.bL(SourceFile:467) ~[client.jar:?]
	at java.util.concurrent.CompletableFuture$AsyncSupply.run(Unknown Source) ~[?:?]
	at java.util.concurrent.ThreadPoolExecutor.runWorker(Unknown Source) ~[?:?]
	at java.util.concurrent.ThreadPoolExecutor$Worker.run(Unknown Source) ~[?:?]
	at java.lang.Thread.run(Unknown Source) ~[?:?]
Caused by: com.mojang.authlib.exceptions.MinecraftClientHttpException: Status: 401
	at com.mojang.authlib.minecraft.client.MinecraftClient.readInputStream(MinecraftClient.java:100) ~[authlib-6.0.52.jar:?]
	at com.mojang.authlib.minecraft.client.MinecraftClient.get(MinecraftClient.java:57) ~[authlib-6.0.52.jar:?]
	at com.mojang.authlib.yggdrasil.YggdrasilUserApiService.fetchProperties(YggdrasilUserApiService.java:121) ~[authlib-6.0.52.jar:?]
	... 5 more
[13:03:47] [Render thread/ERROR]: Error while loading the narrator
com.mojang.text2speech.Narrator$InitializeException: Failed to load library flite
	at com.mojang.text2speech.NarratorLinux$FliteLibrary.loadNative(NarratorLinux.java:69) ~[text2speech-1.17.9.jar:?]
	at com.mojang.text2speech.NarratorLinux.<init>(NarratorLinux.java:18) ~[text2speech-1.17.9.jar:?]
	at com.mojang.text2speech.Narrator.getNarrator(Narrator.java:41) ~[text2speech-1.17.9.jar:?]
	at eva.<init>(SourceFile:19) ~[client.jar:?]
	at evi.<init>(SourceFile:684) ~[client.jar:?]
	at net.minecraft.client.main.Main.main(SourceFile:223) ~[client.jar:?]
Caused by: java.lang.UnsatisfiedLinkError: Unable to load library 'flite':
libflite.so: no se puede abrir el fichero del objeto compartido: No existe el fichero o el directorio
libflite.so: no se puede abrir el fichero del objeto compartido: No existe el fichero o el directorio
Native library (linux-x86-64/libflite.so) not found in resource path (/home/agus-hy/.minecraft/libraries/ca/weblite/java-objc-bridge/1.1/java-objc-bridge-1.1.jar:/home/agus-hy/.minecraft/libraries/com/github/oshi/oshi-core/6.4.5/oshi-core-6.4.5.jar:/home/agus-hy/.minecraft/libraries/com/google/code/gson/gson/2.10.1/gson-2.10.1.jar:/home/agus-hy/.minecraft/libraries/com/google/guava/failureaccess/1.0.1/failureaccess-1.0.1.jar:/home/agus-hy/.minecraft/libraries/com/google/guava/guava/32.1.2-jre/guava-32.1.2-jre.jar:/home/agus-hy/.minecraft/libraries/com/ibm/icu/icu4j/73.2/icu4j-73.2.jar:/home/agus-hy/.minecraft/libraries/com/mojang/authlib/6.0.52/authlib-6.0.52.jar:/home/agus-hy/.minecraft/libraries/com/mojang/blocklist/1.0.10/blocklist-1.0.10.jar:/home/agus-hy/.minecraft/libraries/com/mojang/brigadier/1.2.9/brigadier-1.2.9.jar:/home/agus-hy/.minecraft/libraries/com/mojang/datafixerupper/6.0.8/datafixerupper-6.0.8.jar:/home/agus-hy/.minecraft/libraries/com/mojang/logging/1.1.1/logging-1.1.1.jar:/home/agus-hy/.minecraft/libraries/com/mojang/patchy/2.2.10/patchy-2.2.10.jar:/home/agus-hy/.minecraft/libraries/com/mojang/text2speech/1.17.9/text2speech-1.17.9.jar:/home/agus-hy/.minecraft/libraries/commons-codec/commons-codec/1.16.0/commons-codec-1.16.0.jar:/home/agus-hy/.minecraft/libraries/commons-io/commons-io/2.13.0/commons-io-2.13.0.jar:/home/agus-hy/.minecraft/libraries/commons-logging/commons-logging/1.2/commons-logging-1.2.jar:/home/agus-hy/.minecraft/libraries/io/netty/netty-buffer/4.1.97.Final/netty-buffer-4.1.97.Final.jar:/home/agus-hy/.minecraft/libraries/io/netty/netty-codec/4.1.97.Final/netty-codec-4.1.97.Final.jar:/home/agus-hy/.minecraft/libraries/io/netty/netty-common/4.1.97.Final/netty-common-4.1.97.Final.jar:/home/agus-hy/.minecraft/libraries/io/netty/netty-handler/4.1.97.Final/netty-handler-4.1.97.Final.jar:/home/agus-hy/.minecraft/libraries/io/netty/netty-resolver/4.1.97.Final/netty-resolver-4.1.97.Final.jar:/home/agus-hy/.minecraft/libraries/io/netty/netty-transport-classes-epoll/4.1.97.Final/netty-transport-classes-epoll-4.1.97.Final.jar:/home/agus-hy/.minecraft/libraries/io/netty/netty-transport-native-epoll/4.1.97.Final/netty-transport-native-epoll-4.1.97.Final-linux-aarch_64.jar:/home/agus-hy/.minecraft/libraries/io/netty/netty-transport-native-epoll/4.1.97.Final/netty-transport-native-epoll-4.1.97.Final-linux-x86_64.jar:/home/agus-hy/.minecraft/libraries/io/netty/netty-transport-native-unix-common/4.1.97.Final/netty-transport-native-unix-common-4.1.97.Final.jar:/home/agus-hy/.minecraft/libraries/io/netty/netty-transport/4.1.97.Final/netty-transport-4.1.97.Final.jar:/home/agus-hy/.minecraft/libraries/it/unimi/dsi/fastutil/8.5.12/fastutil-8.5.12.jar:/home/agus-hy/.minecraft/libraries/net/java/dev/jna/jna-platform/5.13.0/jna-platform-5.13.0.jar:/home/agus-hy/.minecraft/libraries/net/java/dev/jna/jna/5.13.0/jna-5.13.0.jar:/home/agus-hy/.minecraft/libraries/net/sf/jopt-simple/jopt-simple/5.0.4/jopt-simple-5.0.4.jar:/home/agus-hy/.minecraft/libraries/org/apache/commons/commons-compress/1.22/commons-compress-1.22.jar:/home/agus-hy/.minecraft/libraries/org/apache/commons/commons-lang3/3.13.0/commons-lang3-3.13.0.jar:/home/agus-hy/.minecraft/libraries/org/apache/httpcomponents/httpclient/4.5.13/httpclient-4.5.13.jar:/home/agus-hy/.minecraft/libraries/org/apache/httpcomponents/httpcore/4.4.16/httpcore-4.4.16.jar:/home/agus-hy/.minecraft/libraries/org/apache/logging/log4j/log4j-api/2.19.0/log4j-api-2.19.0.jar:/home/agus-hy/.minecraft/libraries/org/apache/logging/log4j/log4j-core/2.19.0/log4j-core-2.19.0.jar:/home/agus-hy/.minecraft/libraries/org/apache/logging/log4j/log4j-slf4j2-impl/2.19.0/log4j-slf4j2-impl-2.19.0.jar:/home/agus-hy/.minecraft/libraries/org/joml/joml/1.10.5/joml-1.10.5.jar:/home/agus-hy/.minecraft/libraries/org/lwjgl/lwjgl-glfw/3.3.2/lwjgl-glfw-3.3.2.jar:/home/agus-hy/.minecraft/libraries/org/lwjgl/lwjgl-glfw/3.3.2/lwjgl-glfw-3.3.2-natives-linux.jar:/home/agus-hy/.minecraft/libraries/org/lwjgl/lwjgl-glfw/3.3.2/lwjgl-glfw-3.3.2-natives-macos.jar:/home/agus-hy/.minecraft/libraries/org/lwjgl/lwjgl-glfw/3.3.2/lwjgl-glfw-3.3.2-natives-macos-arm64.jar:/home/agus-hy/.minecraft/libraries/org/lwjgl/lwjgl-glfw/3.3.2/lwjgl-glfw-3.3.2-natives-windows.jar:/home/agus-hy/.minecraft/libraries/org/lwjgl/lwjgl-glfw/3.3.2/lwjgl-glfw-3.3.2-natives-windows-arm64.jar:/home/agus-hy/.minecraft/libraries/org/lwjgl/lwjgl-glfw/3.3.2/lwjgl-glfw-3.3.2-natives-windows-x86.jar:/home/agus-hy/.minecraft/libraries/org/lwjgl/lwjgl-jemalloc/3.3.2/lwjgl-jemalloc-3.3.2.jar:/home/agus-hy/.minecraft/libraries/org/lwjgl/lwjgl-jemalloc/3.3.2/lwjgl-jemalloc-3.3.2-natives-linux.jar:/home/agus-hy/.minecraft/libraries/org/lwjgl/lwjgl-jemalloc/3.3.2/lwjgl-jemalloc-3.3.2-natives-macos.jar:/home/agus-hy/.minecraft/libraries/org/lwjgl/lwjgl-jemalloc/3.3.2/lwjgl-jemalloc-3.3.2-natives-macos-arm64.jar:/home/agus-hy/.minecraft/libraries/org/lwjgl/lwjgl-jemalloc/3.3.2/lwjgl-jemalloc-3.3.2-natives-windows.jar:/home/agus-hy/.minecraft/libraries/org/lwjgl/lwjgl-jemalloc/3.3.2/lwjgl-jemalloc-3.3.2-natives-windows-arm64.jar:/home/agus-hy/.minecraft/libraries/org/lwjgl/lwjgl-jemalloc/3.3.2/lwjgl-jemalloc-3.3.2-natives-windows-x86.jar:/home/agus-hy/.minecraft/libraries/org/lwjgl/lwjgl-openal/3.3.2/lwjgl-openal-3.3.2.jar:/home/agus-hy/.minecraft/libraries/org/lwjgl/lwjgl-openal/3.3.2/lwjgl-openal-3.3.2-natives-linux.jar:/home/agus-hy/.minecraft/libraries/org/lwjgl/lwjgl-openal/3.3.2/lwjgl-openal-3.3.2-natives-macos.jar:/home/agus-hy/.minecraft/libraries/org/lwjgl/lwjgl-openal/3.3.2/lwjgl-openal-3.3.2-natives-macos-arm64.jar:/home/agus-hy/.minecraft/libraries/org/lwjgl/lwjgl-openal/3.3.2/lwjgl-openal-3.3.2-natives-windows.jar:/home/agus-hy/.minecraft/libraries/org/lwjgl/lwjgl-openal/3.3.2/lwjgl-openal-3.3.2-natives-windows-arm64.jar:/home/agus-hy/.minecraft/libraries/org/lwjgl/lwjgl-openal/3.3.2/lwjgl-openal-3.3.2-natives-windows-x86.jar:/home/agus-hy/.minecraft/libraries/org/lwjgl/lwjgl-opengl/3.3.2/lwjgl-opengl-3.3.2.jar:/home/agus-hy/.minecraft/libraries/org/lwjgl/lwjgl-opengl/3.3.2/lwjgl-opengl-3.3.2-natives-linux.jar:/home/agus-hy/.minecraft/libraries/org/lwjgl/lwjgl-opengl/3.3.2/lwjgl-opengl-3.3.2-natives-macos.jar:/home/agus-hy/.minecraft/libraries/org/lwjgl/lwjgl-opengl/3.3.2/lwjgl-opengl-3.3.2-natives-macos-arm64.jar:/home/agus-hy/.minecraft/libraries/org/lwjgl/lwjgl-opengl/3.3.2/lwjgl-opengl-3.3.2-natives-windows.jar:/home/agus-hy/.minecraft/libraries/org/lwjgl/lwjgl-opengl/3.3.2/lwjgl-opengl-3.3.2-natives-windows-arm64.jar:/home/agus-hy/.minecraft/libraries/org/lwjgl/lwjgl-opengl/3.3.2/lwjgl-opengl-3.3.2-natives-windows-x86.jar:/home/agus-hy/.minecraft/libraries/org/lwjgl/lwjgl-stb/3.3.2/lwjgl-stb-3.3.2.jar:/home/agus-hy/.minecraft/libraries/org/lwjgl/lwjgl-stb/3.3.2/lwjgl-stb-3.3.2-natives-linux.jar:/home/agus-hy/.minecraft/libraries/org/lwjgl/lwjgl-stb/3.3.2/lwjgl-stb-3.3.2-natives-macos.jar:/home/agus-hy/.minecraft/libraries/org/lwjgl/lwjgl-stb/3.3.2/lwjgl-stb-3.3.2-natives-macos-arm64.jar:/home/agus-hy/.minecraft/libraries/org/lwjgl/lwjgl-stb/3.3.2/lwjgl-stb-3.3.2-natives-windows.jar:/home/agus-hy/.minecraft/libraries/org/lwjgl/lwjgl-stb/3.3.2/lwjgl-stb-3.3.2-natives-windows-arm64.jar:/home/agus-hy/.minecraft/libraries/org/lwjgl/lwjgl-stb/3.3.2/lwjgl-stb-3.3.2-natives-windows-x86.jar:/home/agus-hy/.minecraft/libraries/org/lwjgl/lwjgl-tinyfd/3.3.2/lwjgl-tinyfd-3.3.2.jar:/home/agus-hy/.minecraft/libraries/org/lwjgl/lwjgl-tinyfd/3.3.2/lwjgl-tinyfd-3.3.2-natives-linux.jar:/home/agus-hy/.minecraft/libraries/org/lwjgl/lwjgl-tinyfd/3.3.2/lwjgl-tinyfd-3.3.2-natives-macos.jar:/home/agus-hy/.minecraft/libraries/org/lwjgl/lwjgl-tinyfd/3.3.2/lwjgl-tinyfd-3.3.2-natives-macos-arm64.jar:/home/agus-hy/.minecraft/libraries/org/lwjgl/lwjgl-tinyfd/3.3.2/lwjgl-tinyfd-3.3.2-natives-windows.jar:/home/agus-hy/.minecraft/libraries/org/lwjgl/lwjgl-tinyfd/3.3.2/lwjgl-tinyfd-3.3.2-natives-windows-arm64.jar:/home/agus-hy/.minecraft/libraries/org/lwjgl/lwjgl-tinyfd/3.3.2/lwjgl-tinyfd-3.3.2-natives-windows-x86.jar:/home/agus-hy/.minecraft/libraries/org/lwjgl/lwjgl/3.3.2/lwjgl-3.3.2.jar:/home/agus-hy/.minecraft/libraries/org/lwjgl/lwjgl/3.3.2/lwjgl-3.3.2-natives-linux.jar:/home/agus-hy/.minecraft/libraries/org/lwjgl/lwjgl/3.3.2/lwjgl-3.3.2-natives-macos.jar:/home/agus-hy/.minecraft/libraries/org/lwjgl/lwjgl/3.3.2/lwjgl-3.3.2-natives-macos-arm64.jar:/home/agus-hy/.minecraft/libraries/org/lwjgl/lwjgl/3.3.2/lwjgl-3.3.2-natives-windows.jar:/home/agus-hy/.minecraft/libraries/org/lwjgl/lwjgl/3.3.2/lwjgl-3.3.2-natives-windows-arm64.jar:/home/agus-hy/.minecraft/libraries/org/lwjgl/lwjgl/3.3.2/lwjgl-3.3.2-natives-windows-x86.jar:/home/agus-hy/.minecraft/libraries/org/slf4j/slf4j-api/2.0.7/slf4j-api-2.0.7.jar:/home/agus-hy/.minecraft/versions/1.20.4/client.jar)
	at com.sun.jna.NativeLibrary.loadLibrary(NativeLibrary.java:323) ~[jna-5.13.0.jar:5.13.0 (b0)]
	at com.sun.jna.NativeLibrary.getInstance(NativeLibrary.java:483) ~[jna-5.13.0.jar:5.13.0 (b0)]
	at com.sun.jna.NativeLibrary.getInstance(NativeLibrary.java:425) ~[jna-5.13.0.jar:5.13.0 (b0)]
	at com.mojang.text2speech.NarratorLinux$FliteLibrary.loadNative(NarratorLinux.java:67) ~[text2speech-1.17.9.jar:?]
	... 5 more
	Suppressed: java.lang.UnsatisfiedLinkError: libflite.so: no se puede abrir el fichero del objeto compartido: No existe el fichero o el directorio
		at com.sun.jna.Native.open(Native Method) ~[jna-5.13.0.jar:5.13.0 (b0)]
		at com.sun.jna.NativeLibrary.loadLibrary(NativeLibrary.java:211) ~[jna-5.13.0.jar:5.13.0 (b0)]
		at com.sun.jna.NativeLibrary.getInstance(NativeLibrary.java:483) ~[jna-5.13.0.jar:5.13.0 (b0)]
		at com.sun.jna.NativeLibrary.getInstance(NativeLibrary.java:425) ~[jna-5.13.0.jar:5.13.0 (b0)]
		at com.mojang.text2speech.NarratorLinux$FliteLibrary.loadNative(NarratorLinux.java:67) ~[text2speech-1.17.9.jar:?]
		at com.mojang.text2speech.NarratorLinux.<init>(NarratorLinux.java:18) ~[text2speech-1.17.9.jar:?]
		at com.mojang.text2speech.Narrator.getNarrator(Narrator.java:41) ~[text2speech-1.17.9.jar:?]
		at eva.<init>(SourceFile:19) ~[client.jar:?]
		at evi.<init>(SourceFile:684) ~[client.jar:?]
		at net.minecraft.client.main.Main.main(SourceFile:223) ~[client.jar:?]
	Suppressed: java.lang.UnsatisfiedLinkError: libflite.so: no se puede abrir el fichero del objeto compartido: No existe el fichero o el directorio
		at com.sun.jna.Native.open(Native Method) ~[jna-5.13.0.jar:5.13.0 (b0)]
		at com.sun.jna.NativeLibrary.loadLibrary(NativeLibrary.java:224) ~[jna-5.13.0.jar:5.13.0 (b0)]
		at com.sun.jna.NativeLibrary.getInstance(NativeLibrary.java:483) ~[jna-5.13.0.jar:5.13.0 (b0)]
		at com.sun.jna.NativeLibrary.getInstance(NativeLibrary.java:425) ~[jna-5.13.0.jar:5.13.0 (b0)]
		at com.mojang.text2speech.NarratorLinux$FliteLibrary.loadNative(NarratorLinux.java:67) ~[text2speech-1.17.9.jar:?]
		at com.mojang.text2speech.NarratorLinux.<init>(NarratorLinux.java:18) ~[text2speech-1.17.9.jar:?]
		at com.mojang.text2speech.Narrator.getNarrator(Narrator.java:41) ~[text2speech-1.17.9.jar:?]
		at eva.<init>(SourceFile:19) ~[client.jar:?]
		at evi.<init>(SourceFile:684) ~[client.jar:?]
		at net.minecraft.client.main.Main.main(SourceFile:223) ~[client.jar:?]
	Suppressed: java.io.IOException: Native library (linux-x86-64/libflite.so) not found in resource path (/home/agus-hy/.minecraft/libraries/ca/weblite/java-objc-bridge/1.1/java-objc-bridge-1.1.jar:/home/agus-hy/.minecraft/libraries/com/github/oshi/oshi-core/6.4.5/oshi-core-6.4.5.jar:/home/agus-hy/.minecraft/libraries/com/google/code/gson/gson/2.10.1/gson-2.10.1.jar:/home/agus-hy/.minecraft/libraries/com/google/guava/failureaccess/1.0.1/failureaccess-1.0.1.jar:/home/agus-hy/.minecraft/libraries/com/google/guava/guava/32.1.2-jre/guava-32.1.2-jre.jar:/home/agus-hy/.minecraft/libraries/com/ibm/icu/icu4j/73.2/icu4j-73.2.jar:/home/agus-hy/.minecraft/libraries/com/mojang/authlib/6.0.52/authlib-6.0.52.jar:/home/agus-hy/.minecraft/libraries/com/mojang/blocklist/1.0.10/blocklist-1.0.10.jar:/home/agus-hy/.minecraft/libraries/com/mojang/brigadier/1.2.9/brigadier-1.2.9.jar:/home/agus-hy/.minecraft/libraries/com/mojang/datafixerupper/6.0.8/datafixerupper-6.0.8.jar:/home/agus-hy/.minecraft/libraries/com/mojang/logging/1.1.1/logging-1.1.1.jar:/home/agus-hy/.minecraft/libraries/com/mojang/patchy/2.2.10/patchy-2.2.10.jar:/home/agus-hy/.minecraft/libraries/com/mojang/text2speech/1.17.9/text2speech-1.17.9.jar:/home/agus-hy/.minecraft/libraries/commons-codec/commons-codec/1.16.0/commons-codec-1.16.0.jar:/home/agus-hy/.minecraft/libraries/commons-io/commons-io/2.13.0/commons-io-2.13.0.jar:/home/agus-hy/.minecraft/libraries/commons-logging/commons-logging/1.2/commons-logging-1.2.jar:/home/agus-hy/.minecraft/libraries/io/netty/netty-buffer/4.1.97.Final/netty-buffer-4.1.97.Final.jar:/home/agus-hy/.minecraft/libraries/io/netty/netty-codec/4.1.97.Final/netty-codec-4.1.97.Final.jar:/home/agus-hy/.minecraft/libraries/io/netty/netty-common/4.1.97.Final/netty-common-4.1.97.Final.jar:/home/agus-hy/.minecraft/libraries/io/netty/netty-handler/4.1.97.Final/netty-handler-4.1.97.Final.jar:/home/agus-hy/.minecraft/libraries/io/netty/netty-resolver/4.1.97.Final/netty-resolver-4.1.97.Final.jar:/home/agus-hy/.minecraft/libraries/io/netty/netty-transport-classes-epoll/4.1.97.Final/netty-transport-classes-epoll-4.1.97.Final.jar:/home/agus-hy/.minecraft/libraries/io/netty/netty-transport-native-epoll/4.1.97.Final/netty-transport-native-epoll-4.1.97.Final-linux-aarch_64.jar:/home/agus-hy/.minecraft/libraries/io/netty/netty-transport-native-epoll/4.1.97.Final/netty-transport-native-epoll-4.1.97.Final-linux-x86_64.jar:/home/agus-hy/.minecraft/libraries/io/netty/netty-transport-native-unix-common/4.1.97.Final/netty-transport-native-unix-common-4.1.97.Final.jar:/home/agus-hy/.minecraft/libraries/io/netty/netty-transport/4.1.97.Final/netty-transport-4.1.97.Final.jar:/home/agus-hy/.minecraft/libraries/it/unimi/dsi/fastutil/8.5.12/fastutil-8.5.12.jar:/home/agus-hy/.minecraft/libraries/net/java/dev/jna/jna-platform/5.13.0/jna-platform-5.13.0.jar:/home/agus-hy/.minecraft/libraries/net/java/dev/jna/jna/5.13.0/jna-5.13.0.jar:/home/agus-hy/.minecraft/libraries/net/sf/jopt-simple/jopt-simple/5.0.4/jopt-simple-5.0.4.jar:/home/agus-hy/.minecraft/libraries/org/apache/commons/commons-compress/1.22/commons-compress-1.22.jar:/home/agus-hy/.minecraft/libraries/org/apache/commons/commons-lang3/3.13.0/commons-lang3-3.13.0.jar:/home/agus-hy/.minecraft/libraries/org/apache/httpcomponents/httpclient/4.5.13/httpclient-4.5.13.jar:/home/agus-hy/.minecraft/libraries/org/apache/httpcomponents/httpcore/4.4.16/httpcore-4.4.16.jar:/home/agus-hy/.minecraft/libraries/org/apache/logging/log4j/log4j-api/2.19.0/log4j-api-2.19.0.jar:/home/agus-hy/.minecraft/libraries/org/apache/logging/log4j/log4j-core/2.19.0/log4j-core-2.19.0.jar:/home/agus-hy/.minecraft/libraries/org/apache/logging/log4j/log4j-slf4j2-impl/2.19.0/log4j-slf4j2-impl-2.19.0.jar:/home/agus-hy/.minecraft/libraries/org/joml/joml/1.10.5/joml-1.10.5.jar:/home/agus-hy/.minecraft/libraries/org/lwjgl/lwjgl-glfw/3.3.2/lwjgl-glfw-3.3.2.jar:/home/agus-hy/.minecraft/libraries/org/lwjgl/lwjgl-glfw/3.3.2/lwjgl-glfw-3.3.2-natives-linux.jar:/home/agus-hy/.minecraft/libraries/org/lwjgl/lwjgl-glfw/3.3.2/lwjgl-glfw-3.3.2-natives-macos.jar:/home/agus-hy/.minecraft/libraries/org/lwjgl/lwjgl-glfw/3.3.2/lwjgl-glfw-3.3.2-natives-macos-arm64.jar:/home/agus-hy/.minecraft/libraries/org/lwjgl/lwjgl-glfw/3.3.2/lwjgl-glfw-3.3.2-natives-windows.jar:/home/agus-hy/.minecraft/libraries/org/lwjgl/lwjgl-glfw/3.3.2/lwjgl-glfw-3.3.2-natives-windows-arm64.jar:/home/agus-hy/.minecraft/libraries/org/lwjgl/lwjgl-glfw/3.3.2/lwjgl-glfw-3.3.2-natives-windows-x86.jar:/home/agus-hy/.minecraft/libraries/org/lwjgl/lwjgl-jemalloc/3.3.2/lwjgl-jemalloc-3.3.2.jar:/home/agus-hy/.minecraft/libraries/org/lwjgl/lwjgl-jemalloc/3.3.2/lwjgl-jemalloc-3.3.2-natives-linux.jar:/home/agus-hy/.minecraft/libraries/org/lwjgl/lwjgl-jemalloc/3.3.2/lwjgl-jemalloc-3.3.2-natives-macos.jar:/home/agus-hy/.minecraft/libraries/org/lwjgl/lwjgl-jemalloc/3.3.2/lwjgl-jemalloc-3.3.2-natives-macos-arm64.jar:/home/agus-hy/.minecraft/libraries/org/lwjgl/lwjgl-jemalloc/3.3.2/lwjgl-jemalloc-3.3.2-natives-windows.jar:/home/agus-hy/.minecraft/libraries/org/lwjgl/lwjgl-jemalloc/3.3.2/lwjgl-jemalloc-3.3.2-natives-windows-arm64.jar:/home/agus-hy/.minecraft/libraries/org/lwjgl/lwjgl-jemalloc/3.3.2/lwjgl-jemalloc-3.3.2-natives-windows-x86.jar:/home/agus-hy/.minecraft/libraries/org/lwjgl/lwjgl-openal/3.3.2/lwjgl-openal-3.3.2.jar:/home/agus-hy/.minecraft/libraries/org/lwjgl/lwjgl-openal/3.3.2/lwjgl-openal-3.3.2-natives-linux.jar:/home/agus-hy/.minecraft/libraries/org/lwjgl/lwjgl-openal/3.3.2/lwjgl-openal-3.3.2-natives-macos.jar:/home/agus-hy/.minecraft/libraries/org/lwjgl/lwjgl-openal/3.3.2/lwjgl-openal-3.3.2-natives-macos-arm64.jar:/home/agus-hy/.minecraft/libraries/org/lwjgl/lwjgl-openal/3.3.2/lwjgl-openal-3.3.2-natives-windows.jar:/home/agus-hy/.minecraft/libraries/org/lwjgl/lwjgl-openal/3.3.2/lwjgl-openal-3.3.2-natives-windows-arm64.jar:/home/agus-hy/.minecraft/libraries/org/lwjgl/lwjgl-openal/3.3.2/lwjgl-openal-3.3.2-natives-windows-x86.jar:/home/agus-hy/.minecraft/libraries/org/lwjgl/lwjgl-opengl/3.3.2/lwjgl-opengl-3.3.2.jar:/home/agus-hy/.minecraft/libraries/org/lwjgl/lwjgl-opengl/3.3.2/lwjgl-opengl-3.3.2-natives-linux.jar:/home/agus-hy/.minecraft/libraries/org/lwjgl/lwjgl-opengl/3.3.2/lwjgl-opengl-3.3.2-natives-macos.jar:/home/agus-hy/.minecraft/libraries/org/lwjgl/lwjgl-opengl/3.3.2/lwjgl-opengl-3.3.2-natives-macos-arm64.jar:/home/agus-hy/.minecraft/libraries/org/lwjgl/lwjgl-opengl/3.3.2/lwjgl-opengl-3.3.2-natives-windows.jar:/home/agus-hy/.minecraft/libraries/org/lwjgl/lwjgl-opengl/3.3.2/lwjgl-opengl-3.3.2-natives-windows-arm64.jar:/home/agus-hy/.minecraft/libraries/org/lwjgl/lwjgl-opengl/3.3.2/lwjgl-opengl-3.3.2-natives-windows-x86.jar:/home/agus-hy/.minecraft/libraries/org/lwjgl/lwjgl-stb/3.3.2/lwjgl-stb-3.3.2.jar:/home/agus-hy/.minecraft/libraries/org/lwjgl/lwjgl-stb/3.3.2/lwjgl-stb-3.3.2-natives-linux.jar:/home/agus-hy/.minecraft/libraries/org/lwjgl/lwjgl-stb/3.3.2/lwjgl-stb-3.3.2-natives-macos.jar:/home/agus-hy/.minecraft/libraries/org/lwjgl/lwjgl-stb/3.3.2/lwjgl-stb-3.3.2-natives-macos-arm64.jar:/home/agus-hy/.minecraft/libraries/org/lwjgl/lwjgl-stb/3.3.2/lwjgl-stb-3.3.2-natives-windows.jar:/home/agus-hy/.minecraft/libraries/org/lwjgl/lwjgl-stb/3.3.2/lwjgl-stb-3.3.2-natives-windows-arm64.jar:/home/agus-hy/.minecraft/libraries/org/lwjgl/lwjgl-stb/3.3.2/lwjgl-stb-3.3.2-natives-windows-x86.jar:/home/agus-hy/.minecraft/libraries/org/lwjgl/lwjgl-tinyfd/3.3.2/lwjgl-tinyfd-3.3.2.jar:/home/agus-hy/.minecraft/libraries/org/lwjgl/lwjgl-tinyfd/3.3.2/lwjgl-tinyfd-3.3.2-natives-linux.jar:/home/agus-hy/.minecraft/libraries/org/lwjgl/lwjgl-tinyfd/3.3.2/lwjgl-tinyfd-3.3.2-natives-macos.jar:/home/agus-hy/.minecraft/libraries/org/lwjgl/lwjgl-tinyfd/3.3.2/lwjgl-tinyfd-3.3.2-natives-macos-arm64.jar:/home/agus-hy/.minecraft/libraries/org/lwjgl/lwjgl-tinyfd/3.3.2/lwjgl-tinyfd-3.3.2-natives-windows.jar:/home/agus-hy/.minecraft/libraries/org/lwjgl/lwjgl-tinyfd/3.3.2/lwjgl-tinyfd-3.3.2-natives-windows-arm64.jar:/home/agus-hy/.minecraft/libraries/org/lwjgl/lwjgl-tinyfd/3.3.2/lwjgl-tinyfd-3.3.2-natives-windows-x86.jar:/home/agus-hy/.minecraft/libraries/org/lwjgl/lwjgl/3.3.2/lwjgl-3.3.2.jar:/home/agus-hy/.minecraft/libraries/org/lwjgl/lwjgl/3.3.2/lwjgl-3.3.2-natives-linux.jar:/home/agus-hy/.minecraft/libraries/org/lwjgl/lwjgl/3.3.2/lwjgl-3.3.2-natives-macos.jar:/home/agus-hy/.minecraft/libraries/org/lwjgl/lwjgl/3.3.2/lwjgl-3.3.2-natives-macos-arm64.jar:/home/agus-hy/.minecraft/libraries/org/lwjgl/lwjgl/3.3.2/lwjgl-3.3.2-natives-windows.jar:/home/agus-hy/.minecraft/libraries/org/lwjgl/lwjgl/3.3.2/lwjgl-3.3.2-natives-windows-arm64.jar:/home/agus-hy/.minecraft/libraries/org/lwjgl/lwjgl/3.3.2/lwjgl-3.3.2-natives-windows-x86.jar:/home/agus-hy/.minecraft/libraries/org/slf4j/slf4j-api/2.0.7/slf4j-api-2.0.7.jar:/home/agus-hy/.minecraft/versions/1.20.4/client.jar)
		at com.sun.jna.Native.extractFromResourcePath(Native.java:1145) ~[jna-5.13.0.jar:5.13.0 (b0)]
		at com.sun.jna.NativeLibrary.loadLibrary(NativeLibrary.java:295) ~[jna-5.13.0.jar:5.13.0 (b0)]
		at com.sun.jna.NativeLibrary.getInstance(NativeLibrary.java:483) ~[jna-5.13.0.jar:5.13.0 (b0)]
		at com.sun.jna.NativeLibrary.getInstance(NativeLibrary.java:425) ~[jna-5.13.0.jar:5.13.0 (b0)]
		at com.mojang.text2speech.NarratorLinux$FliteLibrary.loadNative(NarratorLinux.java:67) ~[text2speech-1.17.9.jar:?]
		at com.mojang.text2speech.NarratorLinux.<init>(NarratorLinux.java:18) ~[text2speech-1.17.9.jar:?]
		at com.mojang.text2speech.Narrator.getNarrator(Narrator.java:41) ~[text2speech-1.17.9.jar:?]
		at eva.<init>(SourceFile:19) ~[client.jar:?]
		at evi.<init>(SourceFile:684) ~[client.jar:?]
		at net.minecraft.client.main.Main.main(SourceFile:223) ~[client.jar:?]
[13:03:47] [Render thread/INFO]: Reloading ResourceManager: vanilla
[13:03:47] [Worker-Main-6/INFO]: Found unifont_all_no_pua-15.1.04.hex, loading
[13:03:49] [Render thread/WARN]: Missing sound for event: minecraft:item.goat_horn.play
[13:03:49] [Render thread/WARN]: Missing sound for event: minecraft:entity.goat.screaming.horn_break
[13:03:49] [Render thread/WARN]: Missing sound for event: minecraft:entity.generic.wind_burst
[13:03:49] [Render thread/INFO]: OpenAL initialized on device 400 Series Chipset Family On-Package HD Audio Speaker
[13:03:49] [Render thread/INFO]: Sound engine started
[13:03:49] [Render thread/INFO]: Created: 1024x512x4 minecraft:textures/atlas/blocks.png-atlas
[13:03:49] [Render thread/INFO]: Created: 256x256x4 minecraft:textures/atlas/signs.png-atlas
[13:03:49] [Render thread/INFO]: Created: 512x512x4 minecraft:textures/atlas/shield_patterns.png-atlas
[13:03:49] [Render thread/INFO]: Created: 512x512x4 minecraft:textures/atlas/banner_patterns.png-atlas
[13:03:49] [Render thread/INFO]: Created: 1024x1024x4 minecraft:textures/atlas/armor_trims.png-atlas
[13:03:49] [Render thread/INFO]: Created: 128x64x4 minecraft:textures/atlas/decorated_pot.png-atlas
[13:03:49] [Render thread/INFO]: Created: 256x256x4 minecraft:textures/atlas/chest.png-atlas
[13:03:49] [Render thread/INFO]: Created: 512x256x4 minecraft:textures/atlas/shulker_boxes.png-atlas
[13:03:49] [Render thread/INFO]: Created: 512x256x4 minecraft:textures/atlas/beds.png-atlas
[13:03:49] [Render thread/WARN]: Shader rendertype_entity_translucent_emissive could not find sampler named Sampler2 in the specified shader program.
[13:03:49] [Render thread/INFO]: Created: 512x256x0 minecraft:textures/atlas/particles.png-atlas
[13:03:49] [Render thread/INFO]: Created: 256x256x0 minecraft:textures/atlas/paintings.png-atlas
[13:03:49] [Render thread/INFO]: Created: 128x128x0 minecraft:textures/atlas/mob_effects.png-atlas
[13:03:49] [Render thread/INFO]: Created: 1024x512x0 minecraft:textures/atlas/gui.png-atlas
[13:03:50] [IO-Worker-1/INFO]: Could not authorize you against Realms server: java.lang.RuntimeException: Failed to parse into SignedJWT: 0
[13:03:50] [IO-Worker-1/ERROR]: Couldn't connect to realms
ese: Realms authentication error with message 'java.lang.RuntimeException: Failed to parse into SignedJWT: 0'
	at eqr.a(SourceFile:447) ~[client.jar:?]
	at eqr.g(SourceFile:232) ~[client.jar:?]
	at eql.c(SourceFile:45) ~[client.jar:?]
	at java.util.concurrent.CompletableFuture$AsyncSupply.run(Unknown Source) ~[?:?]
	at java.util.concurrent.ThreadPoolExecutor.runWorker(Unknown Source) ~[?:?]
	at java.util.concurrent.ThreadPoolExecutor$Worker.run(Unknown Source) ~[?:?]
	at java.lang.Thread.run(Unknown Source) ~[?:?]
[13:03:54] [Render thread/INFO]: Loaded 7 recipes
[13:03:54] [Render thread/INFO]: Loaded 1271 advancements
[13:04:06] [Server thread/INFO]: Starting integrated minecraft server version 1.20.4
[13:04:06] [Server thread/INFO]: Generating keypair
[13:04:10] [Server thread/INFO]: Preparing start region for dimension minecraft:overworld
[13:04:11] [Render thread/INFO]: Preparing spawn area: 0%
[13:04:11] [Render thread/INFO]: Preparing spawn area: 0%
[13:04:11] [Render thread/INFO]: Preparing spawn area: 0%
[13:04:12] [Render thread/INFO]: Preparing spawn area: 0%
[13:04:12] [Render thread/INFO]: Preparing spawn area: 0%
[13:04:13] [Render thread/INFO]: Preparing spawn area: 1%
[13:04:13] [Render thread/INFO]: Preparing spawn area: 1%
[13:04:14] [Render thread/INFO]: Preparing spawn area: 4%
[13:04:14] [Render thread/INFO]: Preparing spawn area: 4%
[13:04:15] [Render thread/INFO]: Preparing spawn area: 8%
[13:04:15] [Render thread/INFO]: Preparing spawn area: 8%
[13:04:16] [Render thread/INFO]: Preparing spawn area: 10%
[13:04:16] [Render thread/INFO]: Preparing spawn area: 10%
[13:04:17] [Render thread/INFO]: Preparing spawn area: 15%
[13:04:17] [Render thread/INFO]: Preparing spawn area: 15%
[13:04:18] [Render thread/INFO]: Preparing spawn area: 18%
[13:04:18] [Render thread/INFO]: Preparing spawn area: 18%
[13:04:19] [Render thread/INFO]: Preparing spawn area: 22%
[13:04:19] [Render thread/INFO]: Preparing spawn area: 22%
[13:04:20] [Render thread/INFO]: Preparing spawn area: 24%
[13:04:20] [Render thread/INFO]: Preparing spawn area: 24%
[13:04:21] [Render thread/INFO]: Preparing spawn area: 30%
[13:04:21] [Render thread/INFO]: Preparing spawn area: 30%
[13:04:22] [Render thread/INFO]: Preparing spawn area: 33%
[13:04:22] [Render thread/INFO]: Preparing spawn area: 33%
[13:04:23] [Render thread/INFO]: Preparing spawn area: 36%
[13:04:23] [Render thread/INFO]: Preparing spawn area: 36%
[13:04:24] [Render thread/INFO]: Preparing spawn area: 42%
[13:04:24] [Render thread/INFO]: Preparing spawn area: 42%
[13:04:25] [Render thread/INFO]: Preparing spawn area: 46%
[13:04:25] [Render thread/INFO]: Preparing spawn area: 46%
[13:04:26] [Render thread/INFO]: Preparing spawn area: 52%
[13:04:26] [Render thread/INFO]: Preparing spawn area: 52%
[13:04:27] [Render thread/INFO]: Preparing spawn area: 56%
[13:04:27] [Render thread/INFO]: Preparing spawn area: 56%
[13:04:28] [Render thread/INFO]: Preparing spawn area: 60%
[13:04:28] [Render thread/INFO]: Preparing spawn area: 60%
[13:04:29] [Render thread/INFO]: Preparing spawn area: 66%
[13:04:29] [Render thread/INFO]: Preparing spawn area: 66%
[13:04:30] [Render thread/INFO]: Preparing spawn area: 69%
[13:04:30] [Render thread/INFO]: Preparing spawn area: 69%
[13:04:31] [Render thread/INFO]: Preparing spawn area: 74%
[13:04:31] [Render thread/INFO]: Preparing spawn area: 74%
[13:04:32] [Render thread/INFO]: Preparing spawn area: 80%
[13:04:32] [Render thread/INFO]: Preparing spawn area: 80%
[13:04:33] [Render thread/INFO]: Preparing spawn area: 84%
[13:04:33] [Render thread/INFO]: Preparing spawn area: 84%
[13:04:34] [Render thread/INFO]: Preparing spawn area: 89%
[13:04:34] [Render thread/INFO]: Preparing spawn area: 89%
[13:04:35] [Render thread/INFO]: Preparing spawn area: 93%
[13:04:35] [Render thread/INFO]: Preparing spawn area: 93%
[13:04:35] [Server thread/INFO]: Changing view distance to 12, from 10
[13:04:35] [Server thread/INFO]: Changing simulation distance to 12, from 0
[13:04:36] [Render thread/INFO]: Preparing spawn area: 98%
[13:04:36] [Render thread/INFO]: Preparing spawn area: 98%
[13:04:36] [Render thread/INFO]: Time elapsed: 26461 ms
[13:04:37] [Server thread/INFO]: Agustin[local:E:202db80d] logged in with entity id 227 at (207.5, 67.0, 310.5)
[13:04:37] [Server thread/INFO]: Agustin joined the game
[13:04:40] [Render thread/INFO]: Loaded 2 advancements
[13:04:43] [Server thread/INFO]: Saving and pausing game...
[13:04:43] [Server thread/INFO]: Saving chunks for level 'ServerLevel[prueba 1]'/minecraft:overworld
[13:04:43] [Server thread/INFO]: Saving chunks for level 'ServerLevel[prueba 1]'/minecraft:the_nether
[13:04:43] [Server thread/INFO]: Saving chunks for level 'ServerLevel[prueba 1]'/minecraft:the_end
[13:05:08] [Render thread/INFO]: [System] [CHAT] Saved screenshot as 2026-06-12_13.05.07.png
[13:05:18] [Render thread/INFO]: Loaded 5 advancements
[13:05:18] [Server thread/INFO]: Saving and pausing game...
[13:05:18] [Server thread/INFO]: Saving chunks for level 'ServerLevel[prueba 1]'/minecraft:overworld
[13:05:18] [Server thread/INFO]: Saving chunks for level 'ServerLevel[prueba 1]'/minecraft:the_nether
[13:05:18] [Server thread/INFO]: Saving chunks for level 'ServerLevel[prueba 1]'/minecraft:the_end
[13:05:19] [Server thread/INFO]: Agustin lost connection: Disconnected
[13:05:19] [Server thread/INFO]: Agustin left the game
[13:05:19] [Server thread/INFO]: Stopping singleplayer server as player logged out
[13:05:19] [Server thread/INFO]: Stopping server
[13:05:19] [Server thread/INFO]: Saving players
[13:05:19] [Server thread/INFO]: Saving worlds
[13:05:21] [Server thread/INFO]: Saving chunks for level 'ServerLevel[prueba 1]'/minecraft:overworld
[13:05:21] [Server thread/INFO]: Saving chunks for level 'ServerLevel[prueba 1]'/minecraft:the_nether
[13:05:21] [Server thread/INFO]: Saving chunks for level 'ServerLevel[prueba 1]'/minecraft:the_end
[13:05:21] [Server thread/INFO]: ThreadedAnvilChunkStorage (prueba 1): All chunks are saved
[13:05:21] [Server thread/INFO]: ThreadedAnvilChunkStorage (DIM-1): All chunks are saved
[13:05:21] [Server thread/INFO]: ThreadedAnvilChunkStorage (DIM1): All chunks are saved
[13:05:21] [Server thread/INFO]: ThreadedAnvilChunkStorage: All dimensions are saved
[13:05:26] [Render thread/INFO]: Stopping!
